<?xml version="1.0" encoding="UTF-8"?>
<!-- Generated by org.testng.reporters.JUnitXMLReporter -->
<testsuite ignored="0" hostname="Rajendra" failures="3" tests="12" name="Test" time="250.805" errors="0" timestamp="2023-09-25T10:39:31 IST">
  <testcase classname="com.LTM.testcase.UserManegement" name="login" time="23.137"/>
  <testcase classname="com.LTM.testcase.UserManegement" name="userrole_F_R" time="31.053"/>
  <testcase classname="com.LTM.testcase.UserManegement" name="userrole_R_N" time="34.29"/>
  <testcase classname="com.LTM.testcase.UserManegement" name="usergrp_F_R" time="17.371"/>
  <testcase classname="com.LTM.testcase.UserManegement" name="usergrp_R_N" time="18.828"/>
  <testcase classname="com.LTM.testcase.UserManegement" name="createmixuser_F_R" time="28.472"/>
  <testcase classname="com.LTM.testcase.UserManegement" name="createmixuser_R_N" time="15.343"/>
  <testcase classname="com.LTM.testcase.UserManegement" name="mailerEngine" time="31.868">
    <failure type="java.lang.AssertionError" message="expected [Settings saved successfully.] but found [Test Connection Failed.]">
      <![CDATA[java.lang.AssertionError: expected [Settings saved successfully.] but found [Test Connection Failed.]
at com.LTM.pages.UserManagement_Page.mailerEngine(UserManagement_Page.java:550)
at com.LTM.testcase.UserManegement.mailerEngine(UserManegement.java:96)
at java.base/java.util.ArrayList.forEach(ArrayList.java:1511)
... Removed 31 stack frames]]>
    </failure>
  </testcase> <!-- mailerEngine -->
  <testcase classname="com.LTM.testcase.UserManegement" name="defaultnoUser" time="3.692">
    <failure type="org.openqa.selenium.ElementNotInteractableException" message="element not interactable: [object HTMLInputElement] has no size and location
  (Session info: chrome=109.0.5414.149)
Build info: version: &amp;apos;4.1.2&amp;apos;, revision: &amp;apos;9a5a329c5a&amp;apos;
System info: host: &amp;apos;RAJENDRA&amp;apos;, ip: &amp;apos;192.168.1.17&amp;apos;, os.name: &amp;apos;Windows 8.1&amp;apos;, os.arch: &amp;apos;amd64&amp;apos;, os.version: &amp;apos;6.3&amp;apos;, java.version: &amp;apos;18.0.2.1&amp;apos;
Driver info: org.openqa.selenium.chrome.ChromeDriver
Command: [0c03dcdadb214b370d51733b6a774d01, actions {actions=[org.openqa.selenium.interactions.Sequence@13d289c7]}]
Capabilities {acceptInsecureCerts: true, browserName: chrome, browserVersion: 109.0.5414.149, chrome: {chromedriverVersion: 109.0.5414.74 (e7c5703604da..., userDataDir: C:\Program Files (x86)\scop...}, goog:chromeOptions: {debuggerAddress: localhost:61832}, javascriptEnabled: true, networkConnectionEnabled: false, pageLoadStrategy: normal, platform: WINDOWS, platformName: WINDOWS, proxy: Proxy(), se:cdp: ws://localhost:61832/devtoo..., se:cdpVersion: 109.0.5414.149, setWindowRect: true, strictFileInteractability: false, timeouts: {implicit: 0, pageLoad: 300000, script: 30000}, unhandledPromptBehavior: dismiss and notify, webauthn:extension:credBlob: true, webauthn:extension:largeBlob: true, webauthn:virtualAuthenticators: true}
Session ID: 0c03dcdadb214b370d51733b6a774d01">
      <![CDATA[org.openqa.selenium.ElementNotInteractableException: element not interactable: [object HTMLInputElement] has no size and location
  (Session info: chrome=109.0.5414.149)
Build info: version: '4.1.2', revision: '9a5a329c5a'
System info: host: 'RAJENDRA', ip: '192.168.1.17', os.name: 'Windows 8.1', os.arch: 'amd64', os.version: '6.3', java.version: '18.0.2.1'
Driver info: org.openqa.selenium.chrome.ChromeDriver
Command: [0c03dcdadb214b370d51733b6a774d01, actions {actions=[org.openqa.selenium.interactions.Sequence@13d289c7]}]
Capabilities {acceptInsecureCerts: true, browserName: chrome, browserVersion: 109.0.5414.149, chrome: {chromedriverVersion: 109.0.5414.74 (e7c5703604da..., userDataDir: C:\Program Files (x86)\scop...}, goog:chromeOptions: {debuggerAddress: localhost:61832}, javascriptEnabled: true, networkConnectionEnabled: false, pageLoadStrategy: normal, platform: WINDOWS, platformName: WINDOWS, proxy: Proxy(), se:cdp: ws://localhost:61832/devtoo..., se:cdpVersion: 109.0.5414.149, setWindowRect: true, strictFileInteractability: false, timeouts: {implicit: 0, pageLoad: 300000, script: 30000}, unhandledPromptBehavior: dismiss and notify, webauthn:extension:credBlob: true, webauthn:extension:largeBlob: true, webauthn:virtualAuthenticators: true}
Session ID: 0c03dcdadb214b370d51733b6a774d01
at org.openqa.selenium.remote.codec.w3c.W3CHttpResponseCodec.createException(W3CHttpResponseCodec.java:200)
at org.openqa.selenium.remote.codec.w3c.W3CHttpResponseCodec.decode(W3CHttpResponseCodec.java:133)
at org.openqa.selenium.remote.codec.w3c.W3CHttpResponseCodec.decode(W3CHttpResponseCodec.java:53)
at org.openqa.selenium.remote.HttpCommandExecutor.execute(HttpCommandExecutor.java:184)
at org.openqa.selenium.remote.service.DriverCommandExecutor.invokeExecute(DriverCommandExecutor.java:167)
at org.openqa.selenium.remote.service.DriverCommandExecutor.execute(DriverCommandExecutor.java:142)
at org.openqa.selenium.remote.RemoteWebDriver.execute(RemoteWebDriver.java:558)
at org.openqa.selenium.remote.RemoteWebDriver.perform(RemoteWebDriver.java:626)
at org.openqa.selenium.interactions.Actions$BuiltAction.perform(Actions.java:656)
at com.LTM.pages.UserManagement_Page.defaultnoacessuser(UserManagement_Page.java:573)
at com.LTM.testcase.UserManegement.defaultnoUser(UserManegement.java:104)
at java.base/java.util.ArrayList.forEach(ArrayList.java:1511)
... Removed 28 stack frames]]>
    </failure>
  </testcase> <!-- defaultnoUser -->
  <testcase classname="com.LTM.testcase.UserManegement" name="defaultadminUser" time="23.654">
    <failure type="org.openqa.selenium.ElementNotInteractableException" message="element not interactable
  (Session info: chrome=109.0.5414.149)
Build info: version: &amp;apos;4.1.2&amp;apos;, revision: &amp;apos;9a5a329c5a&amp;apos;
System info: host: &amp;apos;RAJENDRA&amp;apos;, ip: &amp;apos;192.168.1.17&amp;apos;, os.name: &amp;apos;Windows 8.1&amp;apos;, os.arch: &amp;apos;amd64&amp;apos;, os.version: &amp;apos;6.3&amp;apos;, java.version: &amp;apos;18.0.2.1&amp;apos;
Driver info: org.openqa.selenium.chrome.ChromeDriver
Command: [0c03dcdadb214b370d51733b6a774d01, sendKeysToElement {id=59ea3668-96a3-4e81-ac9b-c28224f407f0, value=[Ljava.lang.CharSequence;@117b2cc6}]
Capabilities {acceptInsecureCerts: true, browserName: chrome, browserVersion: 109.0.5414.149, chrome: {chromedriverVersion: 109.0.5414.74 (e7c5703604da..., userDataDir: C:\Program Files (x86)\scop...}, goog:chromeOptions: {debuggerAddress: localhost:61832}, javascriptEnabled: true, networkConnectionEnabled: false, pageLoadStrategy: normal, platform: WINDOWS, platformName: WINDOWS, proxy: Proxy(), se:cdp: ws://localhost:61832/devtoo..., se:cdpVersion: 109.0.5414.149, setWindowRect: true, strictFileInteractability: false, timeouts: {implicit: 0, pageLoad: 300000, script: 30000}, unhandledPromptBehavior: dismiss and notify, webauthn:extension:credBlob: true, webauthn:extension:largeBlob: true, webauthn:virtualAuthenticators: true}
Element: [[ChromeDriver: chrome on WINDOWS (0c03dcdadb214b370d51733b6a774d01)] -&amp;gt; xpath: //input[@id=&amp;apos;txtUserName&amp;apos;]]
Session ID: 0c03dcdadb214b370d51733b6a774d01">
      <![CDATA[org.openqa.selenium.ElementNotInteractableException: element not interactable
  (Session info: chrome=109.0.5414.149)
Build info: version: '4.1.2', revision: '9a5a329c5a'
System info: host: 'RAJENDRA', ip: '192.168.1.17', os.name: 'Windows 8.1', os.arch: 'amd64', os.version: '6.3', java.version: '18.0.2.1'
Driver info: org.openqa.selenium.chrome.ChromeDriver
Command: [0c03dcdadb214b370d51733b6a774d01, sendKeysToElement {id=59ea3668-96a3-4e81-ac9b-c28224f407f0, value=[Ljava.lang.CharSequence;@117b2cc6}]
Capabilities {acceptInsecureCerts: true, browserName: chrome, browserVersion: 109.0.5414.149, chrome: {chromedriverVersion: 109.0.5414.74 (e7c5703604da..., userDataDir: C:\Program Files (x86)\scop...}, goog:chromeOptions: {debuggerAddress: localhost:61832}, javascriptEnabled: true, networkConnectionEnabled: false, pageLoadStrategy: normal, platform: WINDOWS, platformName: WINDOWS, proxy: Proxy(), se:cdp: ws://localhost:61832/devtoo..., se:cdpVersion: 109.0.5414.149, setWindowRect: true, strictFileInteractability: false, timeouts: {implicit: 0, pageLoad: 300000, script: 30000}, unhandledPromptBehavior: dismiss and notify, webauthn:extension:credBlob: true, webauthn:extension:largeBlob: true, webauthn:virtualAuthenticators: true}
Element: [[ChromeDriver: chrome on WINDOWS (0c03dcdadb214b370d51733b6a774d01)] -> xpath: //input[@id='txtUserName']]
Session ID: 0c03dcdadb214b370d51733b6a774d01
at org.openqa.selenium.remote.codec.w3c.W3CHttpResponseCodec.createException(W3CHttpResponseCodec.java:200)
at org.openqa.selenium.remote.codec.w3c.W3CHttpResponseCodec.decode(W3CHttpResponseCodec.java:133)
at org.openqa.selenium.remote.codec.w3c.W3CHttpResponseCodec.decode(W3CHttpResponseCodec.java:53)
at org.openqa.selenium.remote.HttpCommandExecutor.execute(HttpCommandExecutor.java:184)
at org.openqa.selenium.remote.service.DriverCommandExecutor.invokeExecute(DriverCommandExecutor.java:167)
at org.openqa.selenium.remote.service.DriverCommandExecutor.execute(DriverCommandExecutor.java:142)
at org.openqa.selenium.remote.RemoteWebDriver.execute(RemoteWebDriver.java:558)
at org.openqa.selenium.remote.RemoteWebElement.execute(RemoteWebElement.java:251)
at org.openqa.selenium.remote.RemoteWebElement.sendKeys(RemoteWebElement.java:107)
at org.openqa.selenium.support.pagefactory.internal.LocatingElementHandler.invoke(LocatingElementHandler.java:52)
at jdk.proxy2/jdk.proxy2.$Proxy15.sendKeys(Unknown Source)
at com.LTM.pages.UserManagement_Page.defaultnadmincessuser(UserManagement_Page.java:644)
at com.LTM.testcase.UserManegement.defaultadminUser(UserManegement.java:111)
at java.base/java.util.ArrayList.forEach(ArrayList.java:1511)
... Removed 30 stack frames]]>
    </failure>
  </testcase> <!-- defaultadminUser -->
  <testcase classname="com.LTM.testcase.UserManegement" name="defaultreadUser" time="17.342"/>
  <testcase classname="com.LTM.testcase.UserManegement" name="quit" time="4.292"/>
</testsuite> <!-- Test -->
