<?xml version="1.0" encoding="UTF-8"?>
<!-- Generated by org.testng.reporters.JUnitXMLReporter -->
<testsuite ignored="0" hostname="Rajendra" failures="3" tests="19" name="Test" time="268.659" errors="0" timestamp="2023-09-08T12:57:28 IST">
  <testcase classname="com.LTM.testcase.Teradici" name="login" time="36.789"/>
  <testcase classname="com.LTM.testcase.Teradici" name="addgrp" time="14.746"/>
  <testcase classname="com.LTM.testcase.Teradici" name="addtrustcenter" time="73.767"/>
  <testcase classname="com.LTM.testcase.Teradici" name="trust_cen_config" time="33.896"/>
  <testcase classname="com.LTM.testcase.Teradici" name="firemware" time="11.634">
    <failure type="java.lang.AssertionError" message="expected [Software Details Downlaoded successfully.] but found []">
      <![CDATA[java.lang.AssertionError: expected [Software Details Downlaoded successfully.] but found []
at com.LTM.pages.Teradici_Page.firemware(Teradici_Page.java:555)
at com.LTM.testcase.Teradici.firemware(Teradici.java:108)
at java.base/java.util.ArrayList.forEach(ArrayList.java:1511)
... Removed 31 stack frames]]>
    </failure>
  </testcase> <!-- firemware -->
  <testcase classname="com.LTM.testcase.Teradici" name="OTA" time="22.136">
    <failure type="org.openqa.selenium.NoSuchElementException" message="no such element: Unable to locate element: {&amp;quot;method&amp;quot;:&amp;quot;xpath&amp;quot;,&amp;quot;selector&amp;quot;:&amp;quot;//input[@id=&amp;apos;23.04.0-rc6&amp;apos;]&amp;quot;}
  (Session info: chrome=109.0.5414.149)
For documentation on this error, please visit: https://selenium.dev/exceptions/#no_such_element
Build info: version: &amp;apos;4.1.2&amp;apos;, revision: &amp;apos;9a5a329c5a&amp;apos;
System info: host: &amp;apos;RAJENDRA&amp;apos;, ip: &amp;apos;192.168.1.17&amp;apos;, os.name: &amp;apos;Windows 8.1&amp;apos;, os.arch: &amp;apos;amd64&amp;apos;, os.version: &amp;apos;6.3&amp;apos;, java.version: &amp;apos;18.0.2.1&amp;apos;
Driver info: org.openqa.selenium.chrome.ChromeDriver
Command: [7eacf3d6eea63a2a479321259673f6a3, findElement {using=xpath, value=//input[@id=&amp;apos;23.04.0-rc6&amp;apos;]}]
Capabilities {acceptInsecureCerts: true, browserName: chrome, browserVersion: 109.0.5414.149, chrome: {chromedriverVersion: 109.0.5414.74 (e7c5703604da..., userDataDir: C:\Program Files (x86)\scop...}, goog:chromeOptions: {debuggerAddress: localhost:59116}, javascriptEnabled: true, networkConnectionEnabled: false, pageLoadStrategy: normal, platform: WINDOWS, platformName: WINDOWS, proxy: Proxy(), se:cdp: ws://localhost:59116/devtoo..., se:cdpVersion: 109.0.5414.149, setWindowRect: true, strictFileInteractability: false, timeouts: {implicit: 0, pageLoad: 300000, script: 30000}, unhandledPromptBehavior: dismiss and notify, webauthn:extension:credBlob: true, webauthn:extension:largeBlob: true, webauthn:virtualAuthenticators: true}
Session ID: 7eacf3d6eea63a2a479321259673f6a3">
      <![CDATA[org.openqa.selenium.NoSuchElementException: no such element: Unable to locate element: {"method":"xpath","selector":"//input[@id='23.04.0-rc6']"}
  (Session info: chrome=109.0.5414.149)
For documentation on this error, please visit: https://selenium.dev/exceptions/#no_such_element
Build info: version: '4.1.2', revision: '9a5a329c5a'
System info: host: 'RAJENDRA', ip: '192.168.1.17', os.name: 'Windows 8.1', os.arch: 'amd64', os.version: '6.3', java.version: '18.0.2.1'
Driver info: org.openqa.selenium.chrome.ChromeDriver
Command: [7eacf3d6eea63a2a479321259673f6a3, findElement {using=xpath, value=//input[@id='23.04.0-rc6']}]
Capabilities {acceptInsecureCerts: true, browserName: chrome, browserVersion: 109.0.5414.149, chrome: {chromedriverVersion: 109.0.5414.74 (e7c5703604da..., userDataDir: C:\Program Files (x86)\scop...}, goog:chromeOptions: {debuggerAddress: localhost:59116}, javascriptEnabled: true, networkConnectionEnabled: false, pageLoadStrategy: normal, platform: WINDOWS, platformName: WINDOWS, proxy: Proxy(), se:cdp: ws://localhost:59116/devtoo..., se:cdpVersion: 109.0.5414.149, setWindowRect: true, strictFileInteractability: false, timeouts: {implicit: 0, pageLoad: 300000, script: 30000}, unhandledPromptBehavior: dismiss and notify, webauthn:extension:credBlob: true, webauthn:extension:largeBlob: true, webauthn:virtualAuthenticators: true}
Session ID: 7eacf3d6eea63a2a479321259673f6a3
at org.openqa.selenium.remote.codec.w3c.W3CHttpResponseCodec.createException(W3CHttpResponseCodec.java:200)
at org.openqa.selenium.remote.codec.w3c.W3CHttpResponseCodec.decode(W3CHttpResponseCodec.java:133)
at org.openqa.selenium.remote.codec.w3c.W3CHttpResponseCodec.decode(W3CHttpResponseCodec.java:53)
at org.openqa.selenium.remote.HttpCommandExecutor.execute(HttpCommandExecutor.java:184)
at org.openqa.selenium.remote.service.DriverCommandExecutor.invokeExecute(DriverCommandExecutor.java:167)
at org.openqa.selenium.remote.service.DriverCommandExecutor.execute(DriverCommandExecutor.java:142)
at org.openqa.selenium.remote.RemoteWebDriver.execute(RemoteWebDriver.java:558)
at org.openqa.selenium.remote.ElementLocation$ElementFinder$2.findElement(ElementLocation.java:162)
at org.openqa.selenium.remote.ElementLocation.findElement(ElementLocation.java:60)
at org.openqa.selenium.remote.RemoteWebDriver.findElement(RemoteWebDriver.java:382)
at org.openqa.selenium.remote.RemoteWebDriver.findElement(RemoteWebDriver.java:374)
at org.openqa.selenium.support.pagefactory.DefaultElementLocator.findElement(DefaultElementLocator.java:70)
at org.openqa.selenium.support.pagefactory.internal.LocatingElementHandler.invoke(LocatingElementHandler.java:39)
at jdk.proxy2/jdk.proxy2.$Proxy16.click(Unknown Source)
at com.LTM.pages.Teradici_Page.OTAupdate(Teradici_Page.java:563)
at com.LTM.testcase.Teradici.OTA(Teradici.java:114)
at java.base/java.util.ArrayList.forEach(ArrayList.java:1511)
... Removed 28 stack frames]]>
    </failure>
  </testcase> <!-- OTA -->
  <testcase classname="com.LTM.testcase.Teradici" name="trust_broker" time="7.967"/>
  <testcase classname="com.LTM.testcase.Teradici" name="datetime_NTP" time="4.164"/>
  <testcase classname="com.LTM.testcase.Teradici" name="Time_Zone" time="2.596"/>
  <testcase classname="com.LTM.testcase.Teradici" name="log_level" time="3.282"/>
  <testcase classname="com.LTM.testcase.Teradici" name="Keyboard" time="5.901"/>
  <testcase classname="com.LTM.testcase.Teradici" name="Audio" time="4.268">
    <failure type="java.lang.AssertionError" message="expected [Audio Settings applied successfully.] but found [USB Authorization Settings applied successfully.]">
      <![CDATA[java.lang.AssertionError: expected [Audio Settings applied successfully.] but found [USB Authorization Settings applied successfully.]
at com.LTM.pages.Teradici_Page.USB(Teradici_Page.java:685)
at com.LTM.testcase.Teradici.Audio(Teradici.java:150)
at java.base/java.util.ArrayList.forEach(ArrayList.java:1511)
... Removed 31 stack frames]]>
    </failure>
  </testcase> <!-- Audio -->
  <testcase classname="com.LTM.testcase.Teradici" name="USB" time="3.423"/>
  <testcase classname="com.LTM.testcase.Teradici" name="Imaging" time="3.007"/>
  <testcase classname="com.LTM.testcase.Teradici" name="Power" time="3.304"/>
  <testcase classname="com.LTM.testcase.Teradici" name="Network" time="7.649"/>
  <testcase classname="com.LTM.testcase.Teradici" name="command_Restart" time="3.296"/>
  <testcase classname="com.LTM.testcase.Teradici" name="SystemHelty" time="20.963"/>
  <testcase classname="com.LTM.testcase.Teradici" name="quit" time="4.129"/>
</testsuite> <!-- Test -->
