<?xml version="1.0" encoding="UTF-8"?>
<!-- Generated by org.testng.reporters.JUnitReportReporter -->
<testsuite hostname="Rajendra" failures="0" tests="5" name="com.LTM.testcase.Apply_Template" time="137.652" errors="0" timestamp="2023-03-16T17:49:58 IST" skipped="0">
  <testcase classname="com.LTM.testcase.Apply_Template" name="login" time="27.295"/>
  <system-out/>
  <testcase classname="com.LTM.testcase.Apply_Template" name="Apply_Template_Node" time="44.626"/>
  <system-out/>
  <testcase classname="com.LTM.testcase.Apply_Template" name="Apply_Template_Grp" time="7.550"/>
  <system-out/>
  <testcase classname="com.LTM.testcase.Apply_Template" name="Apply_Template_Device_List_View" time="57.766"/>
  <system-out/>
  <testcase classname="com.LTM.testcase.Apply_Template" name="Close_Browser" time="0.415"/>
  <system-out/>
</testsuite> <!-- com.LTM.testcase.Apply_Template -->
