<?xml version="1.0" encoding="UTF-8"?>
<!-- Generated by org.testng.reporters.JUnitReportReporter -->
<testsuite hostname="Rajendra" failures="0" tests="11" name="com.LTM.testcase.synctrust" time="105.929" errors="0" timestamp="2022-11-11T14:22:18 IST" skipped="0">
  <testcase classname="com.LTM.testcase.synctrust" name="login" time="21.061"/>
  <system-out/>
  <testcase classname="com.LTM.testcase.synctrust" name="trust_cen_config" time="50.307"/>
  <system-out/>
  <testcase classname="com.LTM.testcase.synctrust" name="firemware" time="9.727"/>
  <system-out/>
  <testcase classname="com.LTM.testcase.synctrust" name="trust_broker" time="5.157"/>
  <system-out/>
  <testcase classname="com.LTM.testcase.synctrust" name="datetime_NTP" time="2.824"/>
  <system-out/>
  <testcase classname="com.LTM.testcase.synctrust" name="Time_Zone" time="1.898"/>
  <system-out/>
  <testcase classname="com.LTM.testcase.synctrust" name="log_level" time="2.029"/>
  <system-out/>
  <testcase classname="com.LTM.testcase.synctrust" name="Keyboard" time="6.492"/>
  <system-out/>
  <testcase classname="com.LTM.testcase.synctrust" name="command_Restart" time="3.133"/>
  <system-out/>
  <testcase classname="com.LTM.testcase.synctrust" name="command_FactoryReset" time="2.150"/>
  <system-out/>
  <testcase classname="com.LTM.testcase.synctrust" name="quit" time="1.151"/>
  <system-out/>
</testsuite> <!-- com.LTM.testcase.synctrust -->
